  연습문제5-5.cpp
c:\users\administrator\documents\visual studio 2015\projects\api\윈플밍5장\연습문제5-5.cpp(6): error C2440: '초기화 중': 'const char [10]'에서 'LPCTSTR'(으)로 변환할 수 없습니다.
  c:\users\administrator\documents\visual studio 2015\projects\api\윈플밍5장\연습문제5-5.cpp(6): note: 가리킨 형식이 관련이 없습니다. 변환하려면 reinterpret_cast, C 스타일 캐스트 또는 함수 스타일 캐스트가 필요합니다.
c:\users\administrator\documents\visual studio 2015\projects\api\윈플밍5장\연습문제5-5.cpp(45): warning C4244: 'return': 'WPARAM'에서 'int'(으)로 변환하면서 데이터가 손실될 수 있습니다.
  연습문제5-4.cpp
c:\users\administrator\documents\visual studio 2015\projects\api\윈플밍5장\연습문제5-4.cpp(9): error C2440: '초기화 중': 'const char [10]'에서 'LPCTSTR'(으)로 변환할 수 없습니다.
  c:\users\administrator\documents\visual studio 2015\projects\api\윈플밍5장\연습문제5-4.cpp(9): note: 가리킨 형식이 관련이 없습니다. 변환하려면 reinterpret_cast, C 스타일 캐스트 또는 함수 스타일 캐스트가 필요합니다.
c:\users\administrator\documents\visual studio 2015\projects\api\윈플밍5장\연습문제5-4.cpp(47): warning C4244: 'return': 'WPARAM'에서 'int'(으)로 변환하면서 데이터가 손실될 수 있습니다.
  연습문제5-3.cpp
c:\users\administrator\documents\visual studio 2015\projects\api\윈플밍5장\연습문제5-3.cpp(5): error C2440: '초기화 중': 'const char [10]'에서 'LPCTSTR'(으)로 변환할 수 없습니다.
  c:\users\administrator\documents\visual studio 2015\projects\api\윈플밍5장\연습문제5-3.cpp(5): note: 가리킨 형식이 관련이 없습니다. 변환하려면 reinterpret_cast, C 스타일 캐스트 또는 함수 스타일 캐스트가 필요합니다.
c:\users\administrator\documents\visual studio 2015\projects\api\윈플밍5장\연습문제5-3.cpp(43): warning C4244: 'return': 'WPARAM'에서 'int'(으)로 변환하면서 데이터가 손실될 수 있습니다.
c:\users\administrator\documents\visual studio 2015\projects\api\윈플밍5장\연습문제5-3.cpp(51): warning C4091: 'typedef ': 변수를 선언하지 않으면 'Block' 왼쪽은 무시됩니다.
  연습문제5-2.cpp
c:\users\administrator\documents\visual studio 2015\projects\api\윈플밍5장\연습문제5-2.cpp(5): error C2440: '초기화 중': 'const char [10]'에서 'LPCTSTR'(으)로 변환할 수 없습니다.
  c:\users\administrator\documents\visual studio 2015\projects\api\윈플밍5장\연습문제5-2.cpp(5): note: 가리킨 형식이 관련이 없습니다. 변환하려면 reinterpret_cast, C 스타일 캐스트 또는 함수 스타일 캐스트가 필요합니다.
c:\users\administrator\documents\visual studio 2015\projects\api\윈플밍5장\연습문제5-2.cpp(43): warning C4244: 'return': 'WPARAM'에서 'int'(으)로 변환하면서 데이터가 손실될 수 있습니다.
c:\users\administrator\documents\visual studio 2015\projects\api\윈플밍5장\연습문제5-2.cpp(158): warning C4244: '인수': 'double'에서 'int'(으)로 변환하면서 데이터가 손실될 수 있습니다.
c:\users\administrator\documents\visual studio 2015\projects\api\윈플밍5장\연습문제5-2.cpp(160): warning C4244: '인수': 'double'에서 'int'(으)로 변환하면서 데이터가 손실될 수 있습니다.
  연습문제5-1.cpp
c:\users\administrator\documents\visual studio 2015\projects\api\윈플밍5장\연습문제5-1.cpp(5): error C2440: '초기화 중': 'const char [10]'에서 'LPCTSTR'(으)로 변환할 수 없습니다.
  c:\users\administrator\documents\visual studio 2015\projects\api\윈플밍5장\연습문제5-1.cpp(5): note: 가리킨 형식이 관련이 없습니다. 변환하려면 reinterpret_cast, C 스타일 캐스트 또는 함수 스타일 캐스트가 필요합니다.
c:\users\administrator\documents\visual studio 2015\projects\api\윈플밍5장\연습문제5-1.cpp(43): warning C4244: 'return': 'WPARAM'에서 'int'(으)로 변환하면서 데이터가 손실될 수 있습니다.
  소스.cpp
c:\users\administrator\documents\visual studio 2015\projects\api\윈플밍5장\소스.cpp(4): error C2440: '초기화 중': 'const char [10]'에서 'LPCTSTR'(으)로 변환할 수 없습니다.
  c:\users\administrator\documents\visual studio 2015\projects\api\윈플밍5장\소스.cpp(4): note: 가리킨 형식이 관련이 없습니다. 변환하려면 reinterpret_cast, C 스타일 캐스트 또는 함수 스타일 캐스트가 필요합니다.
c:\users\administrator\documents\visual studio 2015\projects\api\윈플밍5장\소스.cpp(43): warning C4244: 'return': 'WPARAM'에서 'int'(으)로 변환하면서 데이터가 손실될 수 있습니다.
  코드를 생성하고 있습니다...
