c:\users\administrator\documents\visual studio 2015\projects\api\win32project1\debug\vc140.pdb
c:\users\administrator\documents\visual studio 2015\projects\api\win32project1\debug\vc140.idb
c:\users\administrator\documents\visual studio 2015\projects\api\win32project1\debug\연습문제2-11.obj
c:\users\administrator\documents\visual studio 2015\projects\api\debug\윈플밍2장.ilk
c:\users\administrator\documents\visual studio 2015\projects\api\debug\윈플밍2장.exe
c:\users\administrator\documents\visual studio 2015\projects\api\debug\윈플밍2장.pdb
c:\users\administrator\documents\visual studio 2015\projects\api\win32project1\debug\소스.obj
c:\users\administrator\documents\visual studio 2015\projects\api\win32project1\debug\연습문제2-1.obj
c:\users\administrator\documents\visual studio 2015\projects\api\win32project1\debug\연습문제2-10.obj
c:\users\administrator\documents\visual studio 2015\projects\api\win32project1\debug\연습문제2-2.obj
c:\users\administrator\documents\visual studio 2015\projects\api\win32project1\debug\연습문제2-3.obj
c:\users\administrator\documents\visual studio 2015\projects\api\win32project1\debug\연습문제2-4.obj
c:\users\administrator\documents\visual studio 2015\projects\api\win32project1\debug\연습문제2-5.obj
c:\users\administrator\documents\visual studio 2015\projects\api\win32project1\debug\연습문제2-6.obj
c:\users\administrator\documents\visual studio 2015\projects\api\win32project1\debug\연습문제2-7.obj
c:\users\administrator\documents\visual studio 2015\projects\api\win32project1\debug\연습문제2-8.obj
c:\users\administrator\documents\visual studio 2015\projects\api\win32project1\debug\연습문제2-9.obj
c:\users\administrator\documents\visual studio 2015\projects\api\win32project1\debug\윈플밍2장.tlog\cl.command.1.tlog
c:\users\administrator\documents\visual studio 2015\projects\api\win32project1\debug\윈플밍2장.tlog\cl.read.1.tlog
c:\users\administrator\documents\visual studio 2015\projects\api\win32project1\debug\윈플밍2장.tlog\cl.write.1.tlog
c:\users\administrator\documents\visual studio 2015\projects\api\win32project1\debug\윈플밍2장.tlog\link.command.1.tlog
c:\users\administrator\documents\visual studio 2015\projects\api\win32project1\debug\윈플밍2장.tlog\link.read.1.tlog
c:\users\administrator\documents\visual studio 2015\projects\api\win32project1\debug\윈플밍2장.tlog\link.write.1.tlog
