c:\users\administrator\documents\visual studio 2015\projects\api\윈플밍3장\debug\vc140.pdb
c:\users\administrator\documents\visual studio 2015\projects\api\윈플밍3장\debug\vc140.idb
c:\users\administrator\documents\visual studio 2015\projects\api\윈플밍3장\debug\연습문제3-1.obj
c:\users\administrator\documents\visual studio 2015\projects\api\윈플밍3장\debug\연습문제3-2.obj
c:\users\administrator\documents\visual studio 2015\projects\api\윈플밍3장\debug\소스.obj
c:\users\administrator\documents\visual studio 2015\projects\api\윈플밍3장\debug\연습문제3-3.obj
c:\users\administrator\documents\visual studio 2015\projects\api\윈플밍3장\debug\연습문제3-4.obj
c:\users\administrator\documents\visual studio 2015\projects\api\윈플밍3장\debug\연습문제3-5.obj
c:\users\administrator\documents\visual studio 2015\projects\api\윈플밍3장\debug\연습문제3-6.obj
c:\users\administrator\documents\visual studio 2015\projects\api\윈플밍3장\debug\연습문제3-7.obj
c:\users\administrator\documents\visual studio 2015\projects\api\윈플밍3장\debug\연습문제3-8.obj
c:\users\administrator\documents\visual studio 2015\projects\api\윈플밍3장\debug\스와이프 벽돌깨기.obj
c:\users\administrator\documents\visual studio 2015\projects\api\debug\윈플밍3장.ilk
c:\users\administrator\documents\visual studio 2015\projects\api\debug\윈플밍3장.exe
c:\users\administrator\documents\visual studio 2015\projects\api\debug\윈플밍3장.pdb
c:\users\administrator\documents\visual studio 2015\projects\api\윈플밍3장\debug\윈플밍3장.tlog\cl.command.1.tlog
c:\users\administrator\documents\visual studio 2015\projects\api\윈플밍3장\debug\윈플밍3장.tlog\cl.read.1.tlog
c:\users\administrator\documents\visual studio 2015\projects\api\윈플밍3장\debug\윈플밍3장.tlog\cl.write.1.tlog
c:\users\administrator\documents\visual studio 2015\projects\api\윈플밍3장\debug\윈플밍3장.tlog\link.command.1.tlog
c:\users\administrator\documents\visual studio 2015\projects\api\윈플밍3장\debug\윈플밍3장.tlog\link.read.1.tlog
c:\users\administrator\documents\visual studio 2015\projects\api\윈플밍3장\debug\윈플밍3장.tlog\link.write.1.tlog
